<?xml version="1.0" encoding="UTF-8"?>
<!-- Generated by org.testng.reporters.JUnitXMLReporter -->
<testsuite hostname="Ruslans-MBP.fios-router.home" ignored="0" name="Default test" tests="3" failures="0" timestamp="29 Feb 2020 00:30:45 GMT" time="8.749" errors="0">
  <testcase name="loginPageTitleTest" time="0.012" classname="com.insightly.qa.testcases.LoginPageTest"/>
  <testcase name="insightlyLogoTest" time="0.063" classname="com.insightly.qa.testcases.LoginPageTest"/>
  <testcase name="loginTest" time="2.927" classname="com.insightly.qa.testcases.LoginPageTest"/>
</testsuite> <!-- Default test -->
