<?xml version="1.0" encoding="UTF-8"?>
<testng-results skipped="0" failed="0" ignored="0" total="3" passed="3">
  <reporter-output>
  </reporter-output>
  <suite name="Default suite" duration-ms="8749" started-at="2020-02-29T00:30:37Z" finished-at="2020-02-29T00:30:45Z">
    <groups>
    </groups>
    <test name="Default test" duration-ms="8749" started-at="2020-02-29T00:30:37Z" finished-at="2020-02-29T00:30:45Z">
      <class name="com.insightly.qa.testcases.LoginPageTest">
        <test-method status="PASS" signature="setUp()[pri:0, instance:com.insightly.qa.testcases.LoginPageTest@706a04ae]" name="setUp" is-config="true" duration-ms="2404" started-at="2020-02-29T00:30:37Z" finished-at="2020-02-29T00:30:39Z">
          <reporter-output>
          </reporter-output>
        </test-method> <!-- setUp -->
        <test-method status="PASS" signature="loginPageTitleTest()[pri:1, instance:com.insightly.qa.testcases.LoginPageTest@706a04ae]" name="loginPageTitleTest" duration-ms="12" started-at="2020-02-29T00:30:39Z" finished-at="2020-02-29T00:30:39Z">
          <reporter-output>
          </reporter-output>
        </test-method> <!-- loginPageTitleTest -->
        <test-method status="PASS" signature="tearDown()[pri:0, instance:com.insightly.qa.testcases.LoginPageTest@706a04ae]" name="tearDown" is-config="true" duration-ms="74" started-at="2020-02-29T00:30:39Z" finished-at="2020-02-29T00:30:39Z">
          <reporter-output>
          </reporter-output>
        </test-method> <!-- tearDown -->
        <test-method status="PASS" signature="setUp()[pri:0, instance:com.insightly.qa.testcases.LoginPageTest@706a04ae]" name="setUp" is-config="true" duration-ms="1544" started-at="2020-02-29T00:30:39Z" finished-at="2020-02-29T00:30:41Z">
          <reporter-output>
          </reporter-output>
        </test-method> <!-- setUp -->
        <test-method status="PASS" signature="insightlyLogoTest()[pri:2, instance:com.insightly.qa.testcases.LoginPageTest@706a04ae]" name="insightlyLogoTest" duration-ms="63" started-at="2020-02-29T00:30:41Z" finished-at="2020-02-29T00:30:41Z">
          <reporter-output>
          </reporter-output>
        </test-method> <!-- insightlyLogoTest -->
        <test-method status="PASS" signature="tearDown()[pri:0, instance:com.insightly.qa.testcases.LoginPageTest@706a04ae]" name="tearDown" is-config="true" duration-ms="79" started-at="2020-02-29T00:30:41Z" finished-at="2020-02-29T00:30:41Z">
          <reporter-output>
          </reporter-output>
        </test-method> <!-- tearDown -->
        <test-method status="PASS" signature="setUp()[pri:0, instance:com.insightly.qa.testcases.LoginPageTest@706a04ae]" name="setUp" is-config="true" duration-ms="1523" started-at="2020-02-29T00:30:41Z" finished-at="2020-02-29T00:30:42Z">
          <reporter-output>
          </reporter-output>
        </test-method> <!-- setUp -->
        <test-method status="PASS" signature="loginTest()[pri:3, instance:com.insightly.qa.testcases.LoginPageTest@706a04ae]" name="loginTest" duration-ms="2927" started-at="2020-02-29T00:30:42Z" finished-at="2020-02-29T00:30:45Z">
          <reporter-output>
          </reporter-output>
        </test-method> <!-- loginTest -->
        <test-method status="PASS" signature="tearDown()[pri:0, instance:com.insightly.qa.testcases.LoginPageTest@706a04ae]" name="tearDown" is-config="true" duration-ms="99" started-at="2020-02-29T00:30:45Z" finished-at="2020-02-29T00:30:45Z">
          <reporter-output>
          </reporter-output>
        </test-method> <!-- tearDown -->
      </class> <!-- com.insightly.qa.testcases.LoginPageTest -->
    </test> <!-- Default test -->
  </suite> <!-- Default suite -->
</testng-results>
