<?xml version="1.0" encoding="UTF-8"?>
<!-- Generated by org.testng.reporters.JUnitXMLReporter -->
<testsuite hostname="Ruslans-MBP.fios-router.home" ignored="0" name="Insightly Test Cases" tests="13" failures="0" timestamp="28 Feb 2020 17:49:35 GMT" time="99.48" errors="0">
  <testcase name="validateContactsPageTitleTest" time="3.017" classname="com.insightly.qa.testcases.ContactsPageTest"/>
  <testcase name="validateHomePageTitleTest" time="0.018" classname="com.insightly.qa.testcases.HomePageTest"/>
  <testcase name="loginPageTitleTest" time="0.017" classname="com.insightly.qa.testcases.LoginPageTest"/>
  <testcase name="validateContactsText" time="3.044" classname="com.insightly.qa.testcases.ContactsPageTest"/>
  <testcase name="validateUserMenuTest" time="0.155" classname="com.insightly.qa.testcases.HomePageTest"/>
  <testcase name="insightlyLogoTest" time="0.053" classname="com.insightly.qa.testcases.LoginPageTest"/>
  <testcase name="createNewContactsTest" time="16.912" classname="com.insightly.qa.testcases.ContactsPageTest"/>
  <testcase name="createNewContactsTest" time="6.568" classname="com.insightly.qa.testcases.ContactsPageTest"/>
  <testcase name="createNewContactsTest" time="6.585" classname="com.insightly.qa.testcases.ContactsPageTest"/>
  <testcase name="validateClickOnTasksLinkTest" time="0.226" classname="com.insightly.qa.testcases.HomePageTest"/>
  <testcase name="loginTest" time="2.58" classname="com.insightly.qa.testcases.LoginPageTest"/>
  <testcase name="validateClickOnContactsLinkTest" time="0.264" classname="com.insightly.qa.testcases.HomePageTest"/>
  <testcase name="validateTotalSalesRepsTest" time="0.026" classname="com.insightly.qa.testcases.HomePageTest"/>
</testsuite> <!-- Insightly Test Cases -->
