<?xml version="1.0" encoding="UTF-8"?>
<!-- Generated by org.testng.reporters.JUnitXMLReporter -->
<testsuite hostname="Ruslans-MBP.fios-router.home" ignored="0" name="Insightly Test Cases" tests="13" failures="0" timestamp="28 Feb 2020 23:11:32 GMT" time="79.204" errors="0">
  <testcase name="validateContactsPageTitleTest" time="3.017" classname="com.insightly.qa.testcases.ContactsPageTest"/>
  <testcase name="validateHomePageTitleTest" time="0.062" classname="com.insightly.qa.testcases.HomePageTest"/>
  <testcase name="loginPageTitleTest" time="0.021" classname="com.insightly.qa.testcases.LoginPageTest"/>
  <testcase name="validateContactsText" time="3.051" classname="com.insightly.qa.testcases.ContactsPageTest"/>
  <testcase name="validateUserMenuTest" time="0.062" classname="com.insightly.qa.testcases.HomePageTest"/>
  <testcase name="insightlyLogoTest" time="0.04" classname="com.insightly.qa.testcases.LoginPageTest"/>
  <testcase name="createNewContactsTest" time="6.631" classname="com.insightly.qa.testcases.ContactsPageTest"/>
  <testcase name="createNewContactsTest" time="6.681" classname="com.insightly.qa.testcases.ContactsPageTest"/>
  <testcase name="createNewContactsTest" time="6.641" classname="com.insightly.qa.testcases.ContactsPageTest"/>
  <testcase name="validateClickOnTasksLinkTest" time="0.146" classname="com.insightly.qa.testcases.HomePageTest"/>
  <testcase name="loginTest" time="2.734" classname="com.insightly.qa.testcases.LoginPageTest"/>
  <testcase name="validateClickOnContactsLinkTest" time="0.277" classname="com.insightly.qa.testcases.HomePageTest"/>
  <testcase name="validateTotalSalesRepsTest" time="0.088" classname="com.insightly.qa.testcases.HomePageTest"/>
</testsuite> <!-- Insightly Test Cases -->
